395633 [qtp510956085-38] DEBUG o.c.d.r.util.LoggingResponseFilter - Requesting GET for path /podcasts 
395806 [qtp510956085-38] DEBUG o.c.d.r.util.LoggingResponseFilter - Response [ {
  "id" : 1,
  "title" : "Quarks & Co - zum Mitnehmen",
  "linkOnPodcastpedia" : "http://www.podcastpedia.org/podcasts/1/Quarks-Co-zum-Mitnehmen",
  "feed" : "http://podcast.wdr.de/quarks.xml",
  "description" : "Quarks & Co: Das Wissenschaftsmagazin",
  "insertionDate" : "09-01-2014 20:21"
}, {
  "id" : 2,
  "title" : "- The Naked Scientists Podcast - Stripping Down Science",
  "linkOnPodcastpedia" : "http://www.podcastpedia.org/podcasts/792/-The-Naked-Scientists-Podcast-Stripping-Down-Science",
  "feed" : "http://www.thenakedscientists.com/naked_scientists_podcast.xml",
  "description" : "The Naked Scientists flagship science show brings you a lighthearted look at the latest scientific breakthroughs, interviews with the world top scientists, answers to your science questions and science experiments to try at home.",
  "insertionDate" : "09-01-2014 20:21"
}, {
  "id" : 3,
  "title" : "NPR: TED Radio Hour Podcast",
  "linkOnPodcastpedia" : "http://www.podcastpedia.org/podcasts/1183/NPR-TED-Radio-Hour-Podcast",
  "feed" : "http://www.npr.org/rss/podcast.php?id=510298",
  "description" : "The TED Radio Hour is a journey through fascinating ideas: astonishing inventions, fresh approaches to old problems, new ways to think and create. Based on Talks given by riveting speakers on the world-renowned TED stage, each show is centered on a common theme - such as the source of happiness, crowd-sourcing innovation, power shifts, or inexplicable connections. The TED Radio Hour is hosted by Guy Raz, and is a co-production of NPR & TED. Follow the show @TEDRadioHour.",
  "insertionDate" : "09-01-2014 20:21"
} ] 
